\\university.ds.derby.ac.uk\dfs\student\home\100527733\github\graphics2\graphics2\x64\debug\vc142.pdb
\\university.ds.derby.ac.uk\dfs\student\home\100527733\github\graphics2\graphics2\x64\debug\vc142.idb
\\university.ds.derby.ac.uk\dfs\student\home\100527733\github\graphics2\graphics2\x64\debug\wictextureloader.obj
\\university.ds.derby.ac.uk\dfs\student\home\100527733\github\graphics2\graphics2\x64\debug\scenenodewater.obj
\\university.ds.derby.ac.uk\dfs\student\home\100527733\github\graphics2\graphics2\x64\debug\scenenodetree.obj
\\university.ds.derby.ac.uk\dfs\student\home\100527733\github\graphics2\graphics2\x64\debug\scenenodetile.obj
\\university.ds.derby.ac.uk\dfs\student\home\100527733\github\graphics2\graphics2\x64\debug\scenenodephysicscube.obj
\\university.ds.derby.ac.uk\dfs\student\home\100527733\github\graphics2\graphics2\x64\debug\scenenodeterrain.obj
\\university.ds.derby.ac.uk\dfs\student\home\100527733\github\graphics2\graphics2\x64\debug\scenenodeskybox.obj
\\university.ds.derby.ac.uk\dfs\student\home\100527733\github\graphics2\graphics2\x64\debug\scenenodeplane.obj
\\university.ds.derby.ac.uk\dfs\student\home\100527733\github\graphics2\graphics2\x64\debug\scenenodeobjmodel.obj
\\university.ds.derby.ac.uk\dfs\student\home\100527733\github\graphics2\graphics2\x64\debug\scenenodemesh.obj
\\university.ds.derby.ac.uk\dfs\student\home\100527733\github\graphics2\graphics2\x64\debug\scenenodechunk.obj
\\university.ds.derby.ac.uk\dfs\student\home\100527733\github\graphics2\graphics2\x64\debug\scenegraph.obj
\\university.ds.derby.ac.uk\dfs\student\home\100527733\github\graphics2\graphics2\x64\debug\perlinnoise.obj
\\university.ds.derby.ac.uk\dfs\student\home\100527733\github\graphics2\graphics2\x64\debug\objloader.obj
\\university.ds.derby.ac.uk\dfs\student\home\100527733\github\graphics2\graphics2\x64\debug\graphics2.obj
\\university.ds.derby.ac.uk\dfs\student\home\100527733\github\graphics2\graphics2\x64\debug\directxframework.obj
\\university.ds.derby.ac.uk\dfs\student\home\100527733\github\graphics2\graphics2\x64\debug\framework.obj
\\university.ds.derby.ac.uk\dfs\student\home\100527733\github\graphics2\graphics2\x64\debug\camera.obj
\\university.ds.derby.ac.uk\dfs\student\home\100527733\github\graphics2\graphics2\x64\debug\aabb.obj
\\university.ds.derby.ac.uk\dfs\student\home\100527733\github\graphics2\x64\debug\graphics2.exe
\\university.ds.derby.ac.uk\dfs\student\home\100527733\github\graphics2\x64\debug\graphics2.ilk
\\university.ds.derby.ac.uk\dfs\student\home\100527733\github\graphics2\x64\debug\graphics2.pdb
\\university.ds.derby.ac.uk\dfs\student\home\100527733\github\graphics2\graphics2\x64\debug\graphics2.res
\\university.ds.derby.ac.uk\dfs\student\home\100527733\github\graphics2\graphics2\x64\debug\scenenodechunk.obj.enc
\\university.ds.derby.ac.uk\dfs\student\home\100527733\github\graphics2\graphics2\x64\debug\graphics2.tlog\cl.command.1.tlog
\\university.ds.derby.ac.uk\dfs\student\home\100527733\github\graphics2\graphics2\x64\debug\graphics2.tlog\cl.read.1.tlog
\\university.ds.derby.ac.uk\dfs\student\home\100527733\github\graphics2\graphics2\x64\debug\graphics2.tlog\cl.write.1.tlog
\\university.ds.derby.ac.uk\dfs\student\home\100527733\github\graphics2\graphics2\x64\debug\graphics2.tlog\link.command.1.tlog
\\university.ds.derby.ac.uk\dfs\student\home\100527733\github\graphics2\graphics2\x64\debug\graphics2.tlog\link.read.1.tlog
\\university.ds.derby.ac.uk\dfs\student\home\100527733\github\graphics2\graphics2\x64\debug\graphics2.tlog\link.write.1.tlog
\\university.ds.derby.ac.uk\dfs\student\home\100527733\github\graphics2\graphics2\x64\debug\graphics2.tlog\rc.command.1.tlog
\\university.ds.derby.ac.uk\dfs\student\home\100527733\github\graphics2\graphics2\x64\debug\graphics2.tlog\rc.read.1.tlog
\\university.ds.derby.ac.uk\dfs\student\home\100527733\github\graphics2\graphics2\x64\debug\graphics2.tlog\rc.write.1.tlog
